2019-04-21 20:43:38,795 INFO - Detected robot file at http://vk.com/robot.txt
2019-04-21 20:43:38,847 INFO - Detected robot file at http://vk.com/robots.txt
2019-04-21 20:43:38,867 INFO - Scanner started
2019-04-21 20:49:40,929 INFO - Detected robot file at http://vk.com/robot.txt
2019-04-21 20:49:41,072 INFO - Detected robot file at http://vk.com/robots.txt
2019-04-21 20:49:41,078 INFO - Scanner started
2019-04-21 20:49:53,340 INFO - Detected Ctrl + C, terminating
2019-04-21 20:50:00,276 INFO - Detected Ctrl + C, terminating
2019-04-21 20:50:02,597 INFO - Detected robot file at http://vk.com/robots.txt
2019-04-21 20:50:02,631 INFO - Scanner started
2019-04-21 20:50:19,106 INFO - Detected Ctrl + C, terminating
2019-04-21 21:03:47,383 INFO - Detected robot file at http://vk.com/robot.txt
2019-04-21 21:03:47,428 INFO - Detected robot file at http://vk.com/robots.txt
2019-04-21 21:03:47,434 INFO - Scanner started
2019-04-21 21:03:50,086 INFO - Detected Ctrl + C, terminating
2019-04-21 21:15:22,246 INFO - Detected robot file at http://vk.com/robots.txt
2019-04-21 21:15:22,264 INFO - Scanner started
2019-04-21 21:15:25,040 INFO - Detected Ctrl + C, terminating
2019-04-21 21:16:37,118 INFO - Detected robot file at http://vk.com/robot.txt
2019-04-21 21:16:37,377 INFO - Detected robot file at http://vk.com/robots.txt
2019-04-21 21:16:37,440 INFO - Scanner started
2019-04-21 21:17:18,704 INFO - Detected Ctrl + C, terminating
2019-04-21 21:26:32,006 INFO - Detected robot file at http://vk.com/robot.txt
2019-04-21 21:26:32,054 INFO - Detected robot file at http://vk.com/robots.txt
2019-04-21 21:26:43,834 INFO - Detected robot file at http://vk.com/robots.txt
2019-04-21 21:27:26,281 INFO - Detected robot file at http://vk.com/robots.txt
2019-04-21 21:27:26,305 INFO - Scanner started
2019-04-21 21:27:26,607 INFO - Admin page found: http://vk.com/admin1/
2019-04-21 21:27:26,627 INFO - Admin page found: http://vk.com/usuario/
2019-04-21 21:27:26,636 INFO - Admin page found: http://vk.com/bb-admin/
2019-04-21 21:27:26,640 INFO - Admin page found: http://vk.com/adminLogin/
2019-04-21 21:27:26,644 INFO - Admin page found: http://vk.com/administrator/
2019-04-21 21:27:26,683 INFO - Admin page found: http://vk.com/adm/
2019-04-21 21:27:26,685 INFO - Admin page found: http://vk.com/administratorlogin/
2019-04-21 21:27:26,923 INFO - Admin page found: http://vk.com/admin/login.php
2019-04-21 21:27:26,926 INFO - Admin page found: http://vk.com/admin/index.php
2019-04-21 21:27:26,944 INFO - Admin page found: http://vk.com/siteadmin/index.php
2019-04-21 21:27:27,048 INFO - Admin page found: http://vk.com/admin/home.php
2019-04-21 21:27:27,438 INFO - Admin page found: http://vk.com/admincp/index.asp
2019-04-21 21:27:27,635 INFO - Admin page found: http://vk.com/admincp/login.asp
2019-04-21 21:27:27,676 INFO - Admin page found: http://vk.com/administrator/login.php
2019-04-21 21:27:27,707 INFO - Admin page found: http://vk.com/webadmin/login.php
2019-04-21 21:27:27,715 INFO - Admin page found: http://vk.com/admin/admin_login.php
2019-04-21 21:27:27,844 INFO - Admin page found: http://vk.com/admin.php
2019-04-21 21:27:28,045 INFO - Admin page found: http://vk.com/login.php
2019-04-21 21:27:28,046 INFO - Admin page found: http://vk.com/pages/admin/admin-login.php
2019-04-21 21:27:28,058 INFO - Admin page found: http://vk.com/modelsearch/login.php
2019-04-21 21:27:28,178 INFO - Admin page found: http://vk.com/moderator/admin.php
2019-04-21 21:27:28,387 INFO - Admin page found: http://vk.com/webadmin/admin.php
2019-04-21 21:27:28,564 INFO - Admin page found: http://vk.com/adminpanel.php
2019-04-21 21:27:28,886 INFO - Admin page found: http://vk.com/admin/adminLogin.php
2019-04-21 21:27:28,894 INFO - Admin page found: http://vk.com/panel-administracion/login.php
2019-04-21 21:27:28,971 INFO - Admin page found: http://vk.com/adminarea/admin.php
2019-04-21 21:27:28,975 INFO - Admin page found: http://vk.com/home.php
2019-04-21 21:27:29,027 INFO - Admin page found: http://vk.com/admin2/login.php
2019-04-21 21:27:29,028 INFO - Admin page found: http://vk.com/adm/admloginuser.php
2019-04-21 21:27:29,209 INFO - Admin page found: http://vk.com/administratorlogin.php
2019-04-21 21:27:29,228 INFO - Admin page found: http://vk.com/adm_auth.php
2019-04-21 21:27:29,245 INFO - Admin page found: http://vk.com/admin_area/admin.asp
2019-04-21 21:27:29,432 INFO - Admin page found: http://vk.com/bb-admin/admin.asp
2019-04-21 21:27:29,588 INFO - Admin page found: http://vk.com/cp.asp
2019-04-21 21:27:29,589 INFO - Admin page found: http://vk.com/admin-login.asp
2019-04-21 21:27:29,590 INFO - Admin page found: http://vk.com/moderator.asp
2019-04-21 21:27:29,591 INFO - Admin page found: http://vk.com/login.asp
2019-04-21 21:27:29,618 INFO - Admin page found: http://vk.com/moderator/admin.asp
2019-04-21 21:27:29,651 INFO - Admin page found: http://vk.com/admincontrol.asp
2019-04-21 21:27:29,889 INFO - Admin page found: http://vk.com/admin/admin_login.asp
2019-04-21 21:27:29,901 INFO - Admin page found: http://vk.com/adminarea/admin.asp
2019-04-21 21:27:29,942 INFO - Admin page found: http://vk.com/panel-administracion/admin.asp
2019-04-21 21:27:29,944 INFO - Admin page found: http://vk.com/home.asp
2019-04-21 21:27:29,999 INFO - Admin page found: http://vk.com/admloginuser.asp
2019-04-21 21:27:30,067 INFO - Admin page found: http://vk.com/adm/index.asp
2019-04-21 21:27:30,126 INFO - Admin page found: http://vk.com/memberadmin.asp
2019-04-21 21:27:30,175 INFO - Admin page found: http://vk.com/admin/login.cfm
2019-04-21 21:27:30,185 INFO - Admin page found: http://vk.com/administratorlogin.asp
2019-04-21 21:27:30,188 INFO - Admin page found: http://vk.com/admin_area/login.cfm
2019-04-21 21:27:30,191 INFO - Admin page found: http://vk.com/siteadmin/index.asp
2019-04-21 21:27:30,205 INFO - Admin page found: http://vk.com/admin/admin.cfm
2019-04-21 21:27:30,229 INFO - Admin page found: http://vk.com/siteadmin/login.cfm
2019-04-21 21:27:30,232 INFO - Admin page found: http://vk.com/admin_area/index.cfm
2019-04-21 21:27:30,323 INFO - Admin page found: http://vk.com/admin/controlpanel.cfm
2019-04-21 21:27:30,508 INFO - Admin page found: http://vk.com/admin_login.cfm
2019-04-21 21:27:30,515 INFO - Admin page found: http://vk.com/pages/admin/admin-login.cfm
2019-04-21 21:27:30,524 INFO - Admin page found: http://vk.com/administrator.cfm
2019-04-21 21:27:30,538 INFO - Admin page found: http://vk.com/modelsearch/login.cfm
2019-04-21 21:27:30,612 INFO - Admin page found: http://vk.com/moderator.cfm
2019-04-21 21:27:30,629 INFO - Admin page found: http://vk.com/controlpanel.cfm
2019-04-21 21:27:30,685 INFO - Admin page found: http://vk.com/webadmin.cfm
2019-04-21 21:27:30,791 INFO - Admin page found: http://vk.com/admin/adminLogin.cfm
2019-04-21 21:27:30,868 INFO - Admin page found: http://vk.com/home.cfm
2019-04-21 21:27:30,937 INFO - Admin page found: http://vk.com/modelsearch/index.cfm
2019-04-21 21:27:30,940 INFO - Admin page found: http://vk.com/admincontrol/login.cfm
2019-04-21 21:27:31,072 INFO - Admin page found: http://vk.com/adm_auth.cfm
2019-04-21 21:27:31,083 INFO - Admin page found: http://vk.com/adm/index.cfm
2019-04-21 21:27:32,014 INFO - Admin page found: http://vk.com/siteadmin/index.cgi
2019-04-21 21:27:32,048 INFO - Admin page found: http://vk.com/admin/home.cgi
2019-04-21 21:27:32,130 INFO - Admin page found: http://vk.com/admin.cgi
2019-04-21 21:27:32,188 INFO - Admin page found: http://vk.com/nsw/admin/login.cgi
2019-04-21 21:27:32,346 INFO - Admin page found: http://vk.com/modelsearch/login.cgi
2019-04-21 21:27:32,350 INFO - Admin page found: http://vk.com/admin-login.cgi
2019-04-21 21:27:32,352 INFO - Admin page found: http://vk.com/moderator/login.cgi
2019-04-21 21:27:32,416 INFO - Admin page found: http://vk.com/webadmin.cgi
2019-04-21 21:27:32,520 INFO - Admin page found: http://vk.com/adminpanel.cgi
2019-04-21 21:27:32,592 INFO - Admin page found: http://vk.com/adminLogin.cgi
2019-04-21 21:27:32,601 INFO - Admin page found: http://vk.com/user.cgi
2019-04-21 21:27:32,605 INFO - Admin page found: http://vk.com/wp-login.cgi
2019-04-21 21:27:45,504 INFO - Detected robot file at http://vk.com/robot.txt
2019-04-21 21:27:45,615 INFO - Detected robot file at http://vk.com/robots.txt
2019-04-21 21:27:45,639 INFO - Scanner started
2019-04-21 21:27:45,984 INFO - Admin page found: http://vk.com/admin/
2019-04-21 21:27:46,052 INFO - Admin page found: http://vk.com/adminarea/
2019-04-21 21:27:46,056 INFO - Admin page found: http://vk.com/admin5/
2019-04-21 21:27:46,057 INFO - Admin page found: http://vk.com/moderator/
2019-04-21 21:27:46,060 INFO - Admin page found: http://vk.com/adm/
2019-04-21 21:27:46,068 INFO - Admin page found: http://vk.com/panel-administracion/
2019-04-21 21:27:46,216 INFO - Admin page found: http://vk.com/admin/account.php
2019-04-21 21:27:46,230 INFO - Admin page found: http://vk.com/admin/login.php
2019-04-21 21:27:46,254 INFO - Admin page found: http://vk.com/admin/admin.php
2019-04-21 21:27:46,627 INFO - Admin page found: http://vk.com/administrator/index.php
2019-04-21 21:27:46,641 INFO - Admin page found: http://vk.com/webadmin/login.php
2019-04-21 21:27:46,738 INFO - Admin page found: http://vk.com/admin.php
2019-04-21 21:27:46,792 INFO - Admin page found: http://vk.com/administrator/account.php
2019-04-21 21:27:46,819 INFO - Admin page found: http://vk.com/pages/admin/admin-login.php
2019-04-21 21:27:46,845 INFO - Admin page found: http://vk.com/login.php
2019-04-21 21:27:46,860 INFO - Admin page found: http://vk.com/administrator.php
2019-04-21 21:27:46,886 INFO - Admin page found: http://vk.com/modelsearch/login.php
2019-04-21 21:27:47,167 INFO - Admin page found: http://vk.com/webadmin/admin.php
2019-04-21 21:27:47,242 INFO - Admin page found: http://vk.com/adminpanel.php
2019-04-21 21:27:47,614 INFO - Admin page found: http://vk.com/adminarea/admin.php
2019-04-21 21:27:47,620 INFO - Admin page found: http://vk.com/adminLogin.php
2019-04-21 21:27:47,631 INFO - Admin page found: http://vk.com/adminarea/index.php
2019-04-21 21:27:47,633 INFO - Admin page found: http://vk.com/home.php
2019-04-21 21:27:47,682 INFO - Admin page found: http://vk.com/panel-administracion/index.php
2019-04-21 21:27:47,714 INFO - Admin page found: http://vk.com/admloginuser.php
2019-04-21 21:27:47,767 INFO - Admin page found: http://vk.com/admin2.php
2019-04-21 21:27:47,774 INFO - Admin page found: http://vk.com/usuarios/login.php
2019-04-21 21:27:47,787 INFO - Admin page found: http://vk.com/adm/admloginuser.php
2019-04-21 21:27:47,803 INFO - Admin page found: http://vk.com/admin2/index.php
2019-04-21 21:27:47,867 INFO - Admin page found: http://vk.com/memberadmin.php
2019-04-21 21:27:47,946 INFO - Admin page found: http://vk.com/admin/account.asp
2019-04-21 21:27:47,976 INFO - Admin page found: http://vk.com/admin/index.asp
2019-04-21 21:27:47,985 INFO - Admin page found: http://vk.com/adm_auth.php
2019-04-21 21:27:47,985 INFO - Admin page found: http://vk.com/account.asp
2019-04-21 21:27:48,075 INFO - Admin page found: http://vk.com/admin.asp
2019-04-21 21:27:48,111 INFO - Admin page found: http://vk.com/admin-login.asp
2019-04-21 21:27:48,236 INFO - Admin page found: http://vk.com/cp.asp
2019-04-21 21:27:48,257 INFO - Admin page found: http://vk.com/moderator/login.asp
2019-04-21 21:27:48,265 INFO - Admin page found: http://vk.com/administrator/account.asp
2019-04-21 21:27:48,266 INFO - Admin page found: http://vk.com/administrator.asp
2019-04-21 21:27:48,275 INFO - Admin page found: http://vk.com/modelsearch/login.asp
2019-04-21 21:27:48,348 INFO - Admin page found: http://vk.com/admincontrol.asp
2019-04-21 21:27:48,351 INFO - Admin page found: http://vk.com/webadmin/admin.asp
2019-04-21 21:27:48,385 INFO - Admin page found: http://vk.com/webadmin/login.asp
2019-04-21 21:27:48,399 INFO - Admin page found: http://vk.com/webadmin/index.asp
2019-04-21 21:27:48,485 INFO - Admin page found: http://vk.com/panel-administracion/login.asp
2019-04-21 21:27:48,526 INFO - Admin page found: http://vk.com/home.asp
2019-04-21 21:27:48,543 INFO - Admin page found: http://vk.com/admin_login.asp
2019-04-21 21:27:48,588 INFO - Admin page found: http://vk.com/adminarea/login.asp
2019-04-21 21:27:48,590 INFO - Admin page found: http://vk.com/admincontrol/login.asp
2019-04-21 21:27:48,717 INFO - Admin page found: http://vk.com/admin2/index.asp
2019-04-21 21:27:48,743 INFO - Admin page found: http://vk.com/admin2/login.asp
2019-04-21 21:27:48,749 INFO - Admin page found: http://vk.com/adm/index.asp
2019-04-21 21:27:48,782 INFO - Admin page found: http://vk.com/admloginuser.asp
2019-04-21 21:27:48,873 INFO - Admin page found: http://vk.com/siteadmin/index.asp
2019-04-21 21:27:48,911 INFO - Admin page found: http://vk.com/admin/index.cfm
2019-04-21 21:27:48,952 INFO - Admin page found: http://vk.com/adm_auth.asp
2019-04-21 21:27:48,953 INFO - Admin page found: http://vk.com/siteadmin/login.asp
2019-04-21 21:27:48,981 INFO - Admin page found: http://vk.com/siteadmin/login.cfm
2019-04-21 21:27:49,122 INFO - Admin page found: http://vk.com/bb-admin/login.cfm
2019-04-21 21:27:49,218 INFO - Admin page found: http://vk.com/nsw/admin/login.cfm
2019-04-21 21:27:49,219 INFO - Admin page found: http://vk.com/pages/admin/admin-login.cfm
2019-04-21 21:27:49,419 INFO - Admin page found: http://vk.com/admincontrol.cfm
2019-04-21 21:27:49,446 INFO - Admin page found: http://vk.com/webadmin/index.cfm
2019-04-21 21:27:49,453 INFO - Admin page found: http://vk.com/webadmin/admin.cfm
2019-04-21 21:27:49,515 INFO - Admin page found: http://vk.com/panel-administracion/login.cfm
2019-04-21 21:27:49,575 INFO - Admin page found: http://vk.com/adminarea/index.cfm
2019-04-21 21:27:49,576 INFO - Admin page found: http://vk.com/adminarea/login.cfm
2019-04-21 21:27:49,599 INFO - Admin page found: http://vk.com/adminLogin.cfm
2019-04-21 21:27:49,657 INFO - Admin page found: http://vk.com/modelsearch/index.cfm
2019-04-21 21:27:49,681 INFO - Admin page found: http://vk.com/panel-administracion/admin.cfm
2019-04-21 21:27:49,722 INFO - Admin page found: http://vk.com/admloginuser.cfm
2019-04-21 21:27:49,859 INFO - Admin page found: http://vk.com/usuarios/login.cfm
2019-04-21 21:27:49,893 INFO - Admin page found: http://vk.com/administratorlogin.cfm
2019-04-21 21:27:50,782 INFO - Admin page found: http://vk.com/admin/account.cgi
2019-04-21 21:27:50,848 INFO - Admin page found: http://vk.com/siteadmin/index.cgi
2019-04-21 21:27:50,986 INFO - Admin page found: http://vk.com/bb-admin/login.cgi
2019-04-21 21:27:50,989 INFO - Admin page found: http://vk.com/bb-admin/index.cgi
2019-04-21 21:27:51,270 INFO - Admin page found: http://vk.com/admin/admin-login.cgi
2019-04-21 21:27:51,276 INFO - Admin page found: http://vk.com/admin/cp.cgi
2019-04-21 21:27:51,307 INFO - Admin page found: http://vk.com/pages/admin/admin-login.cgi
2019-04-21 21:27:51,331 INFO - Admin page found: http://vk.com/login.cgi
2019-04-21 21:27:51,758 INFO - Admin page found: http://vk.com/rcjakar/admin/login.cgi
2019-04-21 21:27:51,774 INFO - Admin page found: http://vk.com/acceso.cgi
2019-04-21 21:27:51,777 INFO - Admin page found: http://vk.com/webadmin/index.cgi
2019-04-21 21:27:51,789 INFO - Admin page found: http://vk.com/panel-administracion/login.cgi
2019-04-21 21:27:52,004 INFO - Admin page found: http://vk.com/adminarea/login.cgi
2019-04-21 21:32:44,800 INFO - Detected robot file at http://prudki62.ru/robots.txt
2019-04-21 21:32:44,823 INFO - Scanner started
2019-04-21 21:32:45,155 INFO - Admin page found: http://prudki62.ru/admin/
2019-04-21 21:32:45,337 INFO - Admin page found: http://prudki62.ru/admin/admin.php
2019-04-21 21:32:45,382 INFO - Admin page found: http://prudki62.ru/admin/account.html
2019-04-21 21:32:45,383 INFO - Admin page found: http://prudki62.ru/admin/index.html
2019-04-21 21:32:45,424 INFO - Admin page found: http://prudki62.ru/admin/account.php
2019-04-21 21:32:45,425 INFO - Admin page found: http://prudki62.ru/admin/login.html
2019-04-21 21:32:45,449 INFO - Admin page found: http://prudki62.ru/admin/login.php
2019-04-21 21:32:45,472 INFO - Admin page found: http://prudki62.ru/admin/home.php
2019-04-21 21:32:45,478 INFO - Admin page found: http://prudki62.ru/admin/admin.html
2019-04-21 21:32:45,487 INFO - Admin page found: http://prudki62.ru/admin/index.php
2019-04-21 21:32:45,602 INFO - Admin page found: http://prudki62.ru/admin/controlpanel.php
2019-04-21 21:32:45,696 INFO - Admin page found: http://prudki62.ru/admin/admin_login.html
2019-04-21 21:32:45,762 INFO - Admin page found: http://prudki62.ru/admin/cp.php
2019-04-21 21:32:45,808 INFO - Admin page found: http://prudki62.ru/admin/admin_login.php
2019-04-21 21:32:45,904 INFO - Admin page found: http://prudki62.ru/admin/admin-login.php
2019-04-21 21:32:45,973 INFO - Admin page found: http://prudki62.ru/admin/home.html
2019-04-21 21:32:46,112 INFO - Admin page found: http://prudki62.ru/admin/admin-login.html
2019-04-21 21:32:46,153 INFO - Admin page found: http://prudki62.ru/admin/adminLogin.html
2019-04-21 21:32:46,198 INFO - Admin page found: http://prudki62.ru/admin/cp.html
2019-04-21 21:32:46,199 INFO - Admin page found: http://prudki62.ru/admin/controlpanel.html
2019-04-21 21:32:46,532 INFO - Admin page found: http://prudki62.ru/admin/adminLogin.php
2019-04-21 21:32:46,692 INFO - Admin page found: http://prudki62.ru/admin/index.asp
2019-04-21 21:32:46,712 INFO - Admin page found: http://prudki62.ru/admin/account.asp
2019-04-21 21:32:46,738 INFO - Admin page found: http://prudki62.ru/admin/admin.asp
2019-04-21 21:32:46,741 INFO - Admin page found: http://prudki62.ru/admin/login.asp
2019-04-21 21:32:46,802 INFO - Admin page found: http://prudki62.ru/admin/home.asp
2019-04-21 21:32:46,809 INFO - Admin page found: http://prudki62.ru/admin/controlpanel.asp
2019-04-21 21:32:46,830 INFO - Admin page found: http://prudki62.ru/admin/admin-login.asp
2019-04-21 21:32:46,864 INFO - Admin page found: http://prudki62.ru/admin/cp.asp
2019-04-21 21:32:47,045 INFO - Admin page found: http://prudki62.ru/admin/admin_login.asp
2019-04-21 21:32:47,080 INFO - Admin page found: http://prudki62.ru/admin/adminLogin.asp
2019-04-21 21:32:47,305 INFO - Admin page found: http://prudki62.ru/admin/index.cfm
2019-04-21 21:32:47,305 INFO - Admin page found: http://prudki62.ru/admin/account.cfm
2019-04-21 21:32:47,319 INFO - Admin page found: http://prudki62.ru/admin/admin.cfm
2019-04-21 21:32:47,338 INFO - Admin page found: http://prudki62.ru/admin/login.cfm
2019-04-21 21:32:47,429 INFO - Admin page found: http://prudki62.ru/admin/controlpanel.cfm
2019-04-21 21:32:47,445 INFO - Admin page found: http://prudki62.ru/admin/home.cfm
2019-04-21 21:32:47,470 INFO - Admin page found: http://prudki62.ru/admin/cp.cfm
2019-04-21 21:32:47,524 INFO - Admin page found: http://prudki62.ru/admin/admin_login.cfm
2019-04-21 21:32:47,552 INFO - Admin page found: http://prudki62.ru/admin/admin-login.cfm
2019-04-21 21:32:47,769 INFO - Admin page found: http://prudki62.ru/admin/adminLogin.cfm
2019-04-21 21:32:47,964 INFO - Admin page found: http://prudki62.ru/admin/login.js
2019-04-21 21:32:48,019 INFO - Admin page found: http://prudki62.ru/admin/account.js
2019-04-21 21:32:48,026 INFO - Admin page found: http://prudki62.ru/admin/index.js
2019-04-21 21:32:48,039 INFO - Admin page found: http://prudki62.ru/admin/admin.js
2019-04-21 21:32:48,124 INFO - Admin page found: http://prudki62.ru/admin/cp.js
2019-04-21 21:32:48,125 INFO - Admin page found: http://prudki62.ru/admin/controlpanel.js
2019-04-21 21:32:48,126 INFO - Admin page found: http://prudki62.ru/admin/home.js
2019-04-21 21:32:48,203 INFO - Admin page found: http://prudki62.ru/admin/admin_login.js
2019-04-21 21:32:48,350 INFO - Admin page found: http://prudki62.ru/admin/admin-login.js
2019-04-21 21:32:48,535 INFO - Admin page found: http://prudki62.ru/admin/adminLogin.js
2019-04-21 21:32:48,728 INFO - Admin page found: http://prudki62.ru/admin/account.cgi
2019-04-21 21:32:48,741 INFO - Admin page found: http://prudki62.ru/admin/index.cgi
2019-04-21 21:32:48,741 INFO - Admin page found: http://prudki62.ru/admin/login.cgi
2019-04-21 21:32:48,750 INFO - Admin page found: http://prudki62.ru/admin/admin.cgi
2019-04-21 21:32:48,826 INFO - Admin page found: http://prudki62.ru/admin/home.cgi
2019-04-21 21:32:48,827 INFO - Admin page found: http://prudki62.ru/admin/controlpanel.cgi
2019-04-21 21:32:48,861 INFO - Admin page found: http://prudki62.ru/admin/cp.cgi
2019-04-21 21:32:48,946 INFO - Admin page found: http://prudki62.ru/admin/admin_login.cgi
2019-04-21 21:32:48,978 INFO - Admin page found: http://prudki62.ru/admin/admin-login.cgi
